= Logs of language model for French (fr) =

- Generated by BuildLangModel.py
- Started: 2015-11-30 18:53:23.881008
- Maximum depth: 2
- Max number of pages: 10

== Parsed pages ==

Wikipédia:Accueil_principal (revision 115957655)
Bœuf (animal) (revision 115500130)
1672 (revision 120907902)
1727 (revision 120908296)
24 novembre (revision 120782024)
26 novembre (revision 120833172)
27 novembre (revision 120860032)
28 novembre (revision 120900893)
30 novembre (revision 120934923)
Amsterdam (revision 120834895)
Amérique (revision 120916912)
An mil (revision 120416538)
Ancien Régime (revision 120708739)
Anjou (revision 120590957)
António Costa (revision 120928729)
Armée de l'air turque (revision 120764207)
Artémise II (revision 120920820)
Attentat du 24 novembre 2015 à Tunis (revision 120924574)
Barbro Hiort af Ornäs (revision 120933311)
Bataille d’Attu (revision 120942542)
Bretagne (revision 120828180)
Candé (revision 120928722)
Canton de Candé (revision 120383860)
Chef-lieu (revision 119340707)
Chouannerie (revision 119799524)
Commune (France) (revision 120627882)
Conférence de Paris de 2015 sur le climat (revision 120944002)
Crise de la dette publique grecque (revision 120905208)
Crise entre la Colombie et le Venezuela de 2015 (revision 120857143)
Crise migratoire en Europe (revision 120906358)
Crise russo-turque de 2015 (revision 120936864)
Deuxième guerre civile libyenne (revision 120673125)
Déesse mère (revision 120904195)
Départements français (revision 120873309)
Effet Shapiro (revision 120893782)
Eldar Riazanov (revision 120924339)
Fatima Mernissi (revision 120942794)
Français (revision 120883858)
Gerry Byrne (football) (revision 120943526)
Guerre civile sud-soudanaise (revision 120672963)
Guerre civile syrienne (revision 120868598)
Guerre d'Afghanistan (depuis 2015) (revision 120675052)
Guerre du Donbass (revision 120862085)
Guerre du Yémen (depuis 2001) (revision 118472483)
Insurrection djihadiste au Nigeria (revision 120550223)
Irwin Shapiro (revision 116730530)
Ismaïl ben Chérif (revision 120930731)
Ivan Hlevnjak (revision 120917619)
Jean Corti (revision 120935599)
Jean Joubert (revision 120924134)
Karashima Noboru (revision 120892854)
Latin (revision 120360207)
Luc Bondy (revision 120941142)
Maine-et-Loire (revision 120890165)
Marches de Bretagne (revision 115772332)
Mark Behr (revision 120943649)
Maroc (revision 120937137)
Maurice Strong (revision 120927161)
Mausole (revision 120904648)
Moyen Âge (revision 120943615)
Novembre 2015 (revision 120866496)
Olene S. Walker (revision 120927070)
Paternité (revision 119371049)
Pays de la Loire (revision 120719853)
Philippe II Auguste (revision 120910593)
Philippe Washer (revision 120939362)
Premier ministre de Portugal (revision 120888501)
Relativité générale (revision 120814809)
Régions françaises (revision 120692851)
Seconde Guerre mondiale (revision 120884001)
Seconde guerre civile irakienne (revision 120893282)
Shigeru Mizuki (revision 120931351)
Soukhoï Su-24 (revision 120892538)
Spuistraat (revision 119667601)
Syrie (revision 120692724)
Tahir Elçi (revision 120942499)
Tunis (revision 120628797)
Vague de violence israélo-palestinienne de l'automne 2015 (revision 120927782)
Wiki (revision 120671138)
Wikimedia Foundation (revision 120519147)
Wikipédia en français (revision 120692561)
XVIIIe siècle (revision 119843235)
XVIIe siècle (revision 120773755)
Église de Jésus-Christ des saints des derniers jours (revision 120924507)
Agriculture (revision 120943777)
Anesthésie (revision 120319446)
Animal de trait (revision 120819989)
Bien-être animal (revision 120205455)
Bière (revision 119961318)
Bos taurus (revision 119683704)
Bête de somme (revision 117842569)
Bœuf Gras (revision 119942055)
Bœuf de Kobe (revision 120829709)
Castration (revision 119751330)
Chapon (revision 114928344)
Charrette (revision 120909407)
Charrue (revision 120819690)
Colonisation (revision 120146837)
Edme Gaulle (revision 118241504)
Europe de l'Ouest (revision 120854797)
Géant-Bœuf du Carnaval de Paris (revision 118480900)
Hongre (revision 120607208)
Hypoxie (revision 118470557)
Japon (revision 120742182)
Labour (revision 120144019)
Marché des Blancs-Manteaux (revision 106807185)
Monde musulman (revision 120793714)
Mâle (biologie) (revision 111721849)
Mésopotamie (revision 120642895)
Promenade du Bœuf Gras au Carnaval de Paris (revision 120874240)
Rue des Hospitalières-Saint-Gervais (revision 107834996)
Takayama (revision 118810594)
Taureau (revision 120459397)
Testicule (revision 120432335)
Testostérone (revision 119909685)
Traction animale (revision 120819989)
Traction bovine (revision 111651361)
Traîneau (revision 120604907)
Viande (revision 120600247)
Viande bovine (revision 119480442)
Wagyu (revision 120910460)
XXe siècle (revision 120793535)
Élevage bovin (revision 120877235)

== End of Parsed pages ==

- Wikipedia parsing ended at: 2015-11-30 19:05:38.631196

58 characters appeared 2625348 times.

First 38 characters:
[ 0] Char e: 14.297990209297968 %
[ 1] Char s: 8.062245462315854 %
[ 2] Char a: 8.006862328346566 %
[ 3] Char n: 7.458401705221555 %
[ 4] Char i: 7.3982572976992 %
[ 5] Char r: 6.902246864034788 %
[ 6] Char t: 6.851777364372266 %
[ 7] Char l: 5.928699738091865 %
[ 8] Char o: 5.30996271732357 %
[ 9] Char u: 5.181065519694913 %
[10] Char d: 4.153773137884959 %
[11] Char c: 3.1908912647009084 %
[12] Char m: 2.8650297027289335 %
[13] Char p: 2.801228637117822 %
[14] Char é: 2.4742624596815355 %
[15] Char v: 1.2647847066369868 %
[16] Char g: 1.2577761119668707 %
[17] Char f: 1.1079293107047143 %
[18] Char b: 1.030415777260767 %
[19] Char h: 0.9089842565633204 %
[20] Char q: 0.7969610124067362 %
[21] Char x: 0.43415196766295366 %
[22] Char è: 0.398613821862854 %
[23] Char à: 0.38916745513356704 %
[24] Char y: 0.3763310616344957 %
[25] Char j: 0.31298707828447886 %
[26] Char k: 0.20576319786938724 %
[27] Char z: 0.11880329769615304 %
[28] Char ê: 0.11221369509870692 %
[29] Char ç: 0.07610419647223911 %
[30] Char w: 0.06574366522076312 %
[31] Char ô: 0.04845071967602009 %
[32] Char â: 0.0448321517756884 %
[33] Char œ: 0.03778546691714774 %
[34] Char î: 0.03725220427920413 %
[35] Char ï: 0.02704403378142631 %
[36] Char û: 0.02285411305472646 %
[37] Char ù: 0.02034016061870655 %

The first 38 characters have an accumulated ratio of 0.9997798387109063.

1149 sequences found.

First 512 (typical positive ratio): 0.997044499777764
Next 512 (512-1024): 3.8090188424544096e-07
Rest: 5.974086801089403e-05

- Processing end: 2015-11-30 19:05:38.842420
