= Logs of language model for Greek (el) =

- Generated by BuildLangModel.py
- Started: 2015-12-13 17:52:58.225697
- Maximum depth: 2
- Max number of pages: 50

== Parsed pages ==

Πύλη:Κύρια (revision 5511929)
13 Δεκεμβρίου (revision 5540654)
1545 (revision 5340059)
1937 (revision 5573231)
1943 (revision 5503673)
2007 (revision 5561663)
2009 (revision 5561693)
2012 (revision 5559036)
Sukhoi Su-24 (revision 5582048)
Wiki (revision 5481490)
Wikimedia (revision 5563126)
Αναμνηστικά κέρματα ευρώ €2 (revision 5578001)
Αφρική (revision 5485484)
Γερμανία (revision 5579724)
Εγκυκλοπαίδεια (revision 5566281)
Ελεύθερο περιεχόμενο (revision 5285700)
Ελλάδα (revision 5580388)
Ελληνική γλώσσα (revision 5545135)
Ευρωζώνη (revision 5453082)
Ευρωπαϊκή Ένωση (revision 5562182)
Ευρωπαϊκή Επιτροπή (revision 5535040)
Ευρωπαϊκή Κεντρική Τράπεζα (revision 5352451)
Ευρώ (revision 5535228)
Ιαπωνία (revision 5540508)
Κέρματα ευρώ (revision 5421943)
Κίνα (revision 5538381)
Καθολική Εκκλησία (revision 5345868)
Καλάβρυτα (revision 5562415)
Κεντροαφρικανική Δημοκρατία (revision 5583804)
Κλίμα (revision 5331688)
Ναντσίνγκ (revision 5460512)
Οικουμενικές σύνοδοι (revision 5377374)
ΠΓΔΜ (revision 5577102)
Πάπας Φραγκίσκος (revision 5565143)
Παρίσι (revision 5524991)
Προτεσταντισμός (revision 5564242)
Πρωθυπουργός της Πορτογαλίας (revision 4986657)
Σφαγή της Ναντσίνγκ (revision 5026948)
Σφαγή των Καλαβρύτων (revision 5491100)
Σύνοδος των Ηνωμένων Εθνών για το κλίμα (2015) (revision 5521523)
Τουρκική κατάρριψη ρωσικού Sukhoi Su-24 (revision 5582048)
Χρυσά και ασημένια συλλεκτικά νομίσματα Ευρώ (revision 4458078)
10 Δεκεμβρίου (revision 5556215)
1124 (revision 5556117)
11 Δεκεμβρίου (revision 5537830)
1204 (revision 5234676)
1250 (revision 5445111)
1294 (revision 5563589)
12 Δεκεμβρίου (revision 5539079)

== End of Parsed pages ==

- Wikipedia parsing ended at: 2015-12-13 17:54:25.103854

62 characters appeared 551775 times.

First 41 characters:
[ 0] Char α: 9.098636219473518 %
[ 1] Char ο: 8.030447193149381 %
[ 2] Char τ: 7.717819763490554 %
[ 3] Char ι: 6.6942141271351545 %
[ 4] Char ε: 6.213764668569617 %
[ 5] Char ν: 5.920166734629151 %
[ 6] Char ρ: 4.645552988083911 %
[ 7] Char κ: 4.4978478546508995 %
[ 8] Char σ: 4.235422047030039 %
[ 9] Char η: 3.9173576185945356 %
[10] Char ς: 3.821666440125051 %
[11] Char π: 3.59023152553124 %
[12] Char μ: 3.2670925649041727 %
[13] Char υ: 3.258755833446604 %
[14] Char λ: 2.7634452448914866 %
[15] Char ί: 2.437406551583526 %
[16] Char ό: 2.070409134157945 %
[17] Char ά: 1.8300937882288977 %
[18] Char έ: 1.6805763218703276 %
[19] Char γ: 1.6767704227266547 %
[20] Char δ: 1.5888722758370715 %
[21] Char ω: 1.4756014679896698 %
[22] Char ή: 1.2963617416519415 %
[23] Char χ: 1.1928775316025553 %
[24] Char ύ: 0.9763037469983236 %
[25] Char θ: 0.8885868334012957 %
[26] Char ώ: 0.8104752843097277 %
[27] Char β: 0.7689728603144398 %
[28] Char φ: 0.6885052784196457 %
[29] Char ξ: 0.32549499343029314 %
[30] Char ζ: 0.3108150967332699 %
[31] Char i: 0.22273571655113045 %
[32] Char e: 0.2096869194871098 %
[33] Char a: 0.17742739341216981 %
[34] Char o: 0.14534910062978568 %
[35] Char n: 0.1428118345340039 %
[36] Char s: 0.12432603869330797 %
[37] Char r: 0.12305740564541706 %
[38] Char ϊ: 0.10819627565583799 %
[39] Char t: 0.10819627565583799 %
[40] Char ψ: 0.1040279099270536 %

The first 41 characters have an accumulated ratio of 0.9915635902315255.

1299 sequences found.

First 512 (typical positive ratio): 0.9690985257709991
Next 512 (512-1024): 0.008104752843097278
Rest: 0.0010500394313971116

- Processing end: 2015-12-13 17:54:25.303820
